16:02:43.601 From karate-config file 
16:02:44.164 request:
1 > POST https://www.w3schools.com/xml/tempconvert.asmx/CelsiusToFahrenheit
1 > Accept-Encoding: gzip,deflate
1 > Connection: Keep-Alive
1 > Content-Length: 10
1 > Content-Type: application/x-www-form-urlencoded; charset=UTF-8
1 > Host: www.w3schools.com
1 > User-Agent: Apache-HttpClient/4.5.12 (Java/1.8.0_251)
Celsius=40

16:02:44.648 response time in milliseconds: 475.51
1 < 200
1 < Cache-Control: private, max-age=0,public
1 < Content-Type: text/xml; charset=utf-8
1 < Date: Fri, 05 Feb 2021 10:24:34 GMT
1 < Server: Microsoft-IIS/7.5
1 < Vary: Accept-Encoding
1 < X-AspNet-Version: 4.0.30319
1 < X-Frame-Options: SAMEORIGIN
1 < X-Powered-By: ASP.NET
<?xml version="1.0" encoding="utf-8"?>
<string xmlns="https://www.w3schools.com/xml/">104</string>

16:02:44.663 [print] {
  "Cache-Control": [
    "private, max-age=0,public"
  ],
  "Content-Type": [
    "text/xml; charset=utf-8"
  ],
  "Date": [
    "Fri, 05 Feb 2021 10:24:34 GMT"
  ],
  "Server": [
    "Microsoft-IIS/7.5"
  ],
  "Vary": [
    "Accept-Encoding"
  ],
  "X-AspNet-Version": [
    "4.0.30319"
  ],
  "X-Frame-Options": [
    "SAMEORIGIN"
  ],
  "X-Powered-By": [
    "ASP.NET"
  ]
}

16:02:44.663 [print] xml
16:02:44.663 [print] <string xmlns="https://www.w3schools.com/xml/">104</string>

16:02:44.710 [print] {
  "__arg": null,
  "baseUrl": "https://reqres.in",
  "responseType": "xml",
  "responseHeaders": {
    "Cache-Control": [
      "private, max-age=0,public"
    ],
    "Content-Type": [
      "text/xml; charset=utf-8"
    ],
    "Date": [
      "Fri, 05 Feb 2021 10:24:34 GMT"
    ],
    "Server": [
      "Microsoft-IIS/7.5"
    ],
    "Vary": [
      "Accept-Encoding"
    ],
    "X-AspNet-Version": [
      "4.0.30319"
    ],
    "X-Frame-Options": [
      "SAMEORIGIN"
    ],
    "X-Powered-By": [
      "ASP.NET"
    ]
  },
  "listUsers": "/api/users?page=2",
  "responseTime": 476,
  "response": {
    "string": {
      "_": "104",
      "@": {
        "xmlns": "https://www.w3schools.com/xml/"
      }
    }
  },
  "requestTimeStamp": 1612521164164,
  "responseStatus": 200,
  "__loop": -1,
  "responseCookies": null
}

16:02:44.726 [print] true
16:02:44.726 after scenario inside config 
16:02:44.726 From karate-config file 
16:02:44.741 [print] after assert
16:02:44.741 after scenario inside config 
16:02:44.898 From karate-config file 
16:02:44.913 request:
1 > GET http://dummy.restapiexample.com/api/v1/employees
1 > Accept-Encoding: gzip,deflate
1 > Connection: Keep-Alive
1 > Host: dummy.restapiexample.com
1 > User-Agent: Apache-HttpClient/4.5.12 (Java/1.8.0_251)

16:02:46.132 response time in milliseconds: 1206.72
1 < 200
1 < Cache-Control: no-cache, private, max-age=31536000
1 < Content-Type: application/json
1 < Date: Fri, 05 Feb 2021 10:32:46 GMT
1 < Display: staticcontent_sol
1 < Expires: Sat, 05 Feb 2022 10:32:46 GMT
1 < Host-Header: c2hhcmVkLmJsdWVob3N0LmNvbQ==
1 < Referrer-Policy: 
1 < Response: 200
1 < Server: nginx/1.16.0
1 < Vary: [Accept-Encoding, Accept-Encoding,User-Agent,Origin]
1 < X-Ezoic-Cdn: Miss
1 < X-Middleton-Display: staticcontent_sol
1 < X-Middleton-Response: 200
1 < X-Ratelimit-Limit: 60
1 < X-Ratelimit-Remaining: 58
1 < X-Sol: pub_site
{"status":"success","data":[{"id":1,"employee_name":"Tiger Nixon","employee_salary":320800,"employee_age":61,"profile_image":""},{"id":2,"employee_name":"Garrett Winters","employee_salary":170750,"employee_age":63,"profile_image":""},{"id":3,"employee_name":"Ashton Cox","employee_salary":86000,"employee_age":66,"profile_image":""},{"id":4,"employee_name":"Cedric Kelly","employee_salary":433060,"employee_age":22,"profile_image":""},{"id":5,"employee_name":"Airi Satou","employee_salary":162700,"employee_age":33,"profile_image":""},{"id":6,"employee_name":"Brielle Williamson","employee_salary":372000,"employee_age":61,"profile_image":""},{"id":7,"employee_name":"Herrod Chandler","employee_salary":137500,"employee_age":59,"profile_image":""},{"id":8,"employee_name":"Rhona Davidson","employee_salary":327900,"employee_age":55,"profile_image":""},{"id":9,"employee_name":"Colleen Hurst","employee_salary":205500,"employee_age":39,"profile_image":""},{"id":10,"employee_name":"Sonya Frost","employee_salary":103600,"employee_age":23,"profile_image":""},{"id":11,"employee_name":"Jena Gaines","employee_salary":90560,"employee_age":30,"profile_image":""},{"id":12,"employee_name":"Quinn Flynn","employee_salary":342000,"employee_age":22,"profile_image":""},{"id":13,"employee_name":"Charde Marshall","employee_salary":470600,"employee_age":36,"profile_image":""},{"id":14,"employee_name":"Haley Kennedy","employee_salary":313500,"employee_age":43,"profile_image":""},{"id":15,"employee_name":"Tatyana Fitzpatrick","employee_salary":385750,"employee_age":19,"profile_image":""},{"id":16,"employee_name":"Michael Silva","employee_salary":198500,"employee_age":66,"profile_image":""},{"id":17,"employee_name":"Paul Byrd","employee_salary":725000,"employee_age":64,"profile_image":""},{"id":18,"employee_name":"Gloria Little","employee_salary":237500,"employee_age":59,"profile_image":""},{"id":19,"employee_name":"Bradley Greer","employee_salary":132000,"employee_age":41,"profile_image":""},{"id":20,"employee_name":"Dai Rios","employee_salary":217500,"employee_age":35,"profile_image":""},{"id":21,"employee_name":"Jenette Caldwell","employee_salary":345000,"employee_age":30,"profile_image":""},{"id":22,"employee_name":"Yuri Berry","employee_salary":675000,"employee_age":40,"profile_image":""},{"id":23,"employee_name":"Caesar Vance","employee_salary":106450,"employee_age":21,"profile_image":""},{"id":24,"employee_name":"Doris Wilder","employee_salary":85600,"employee_age":23,"profile_image":""}],"message":"Successfully! All records has been fetched."}

16:02:46.163 after scenario inside config 
16:02:46.163 From karate-config file 
16:02:46.195 [print] 1
16:02:46.195 after scenario inside config 
16:02:46.195 From karate-config file 
16:02:46.210 [print] Basic cGFsbWV0b2FkbWluOlBAbG1ldG9AMTIz
16:02:46.226 request:
1 > GET https://192.168.1.62:8089/services/search/jobs
1 > Accept-Encoding: gzip,deflate
1 > Authorization: Basic cGFsbWV0b2FkbWluOlBAbG1ldG9AMTIz
1 > Connection: Keep-Alive
1 > Host: 192.168.1.62:8089
1 > User-Agent: Apache-HttpClient/4.5.12 (Java/1.8.0_251)

16:02:46.257 response time in milliseconds: 23.03
1 < 200
1 < Cache-Control: no-store, no-cache, must-revalidate, max-age=0
1 < Connection: Keep-Alive
1 < Content-Type: text/xml; charset=UTF-8
1 < Date: Fri, 05 Feb 2021 10:32:47 GMT
1 < Expires: Thu, 26 Oct 1978 00:00:00 GMT
1 < Server: Splunkd
1 < Vary: Accept-Encoding, Cookie, Authorization
1 < X-Content-Type-Options: nosniff
1 < X-Frame-Options: SAMEORIGIN
<?xml version="1.0" encoding="UTF-8"?>
<!--This is to override browser formatting; see server.conf[httpServer] to disable. . . . . . . . . . . . . . . . . . . . . . . . . . . . . . . . . . . . . . . . . . . . . . . . . . . . . . . . . . . . . . . . . . . . . . . . . . . . . . . . . . . . . . . . . . . . . . . . . . . . . . . . . . . . . . . . . . . . . . . . . . . . . . . . . . . . . . . . . . . . . . . . . . . . . . . . . . . . . . . . . . . . . . . . . . . . . . . . . . . . . . . . . . . . . . . . . . . . . . . . . . . . . . . . . . . . . . . . . . . . . . . . . . . . . . . . . . . . . . . . . . . . . . . . . . . . . . . . . . . . . . . . . . . . . . . . . . . . . . . . . . . . . . . . . . . . . . . . . . . . . . . . . . . . . . . . . . . . . . . . . . . . . . . . . . . . . . . . . . . . . . . . . . . . . . . . . . . . . . . . . . . . . . . . . . . . . . . . . . . . . . . . . . . . . . . . . . . . . . . . . . . . . . . . . . . . . . . . . . . . . . . . . . . . . . . . . . . . . . . . . . . . . . . . . . . . . . . . . . . . . . . . . . . . . . . . .-->
<?xml-stylesheet type="text/xml" href="/static/atom.xsl"?>
<feed xmlns="http://www.w3.org/2005/Atom" xmlns:s="http://dev.splunk.com/ns/rest" xmlns:opensearch="http://a9.com/-/spec/opensearch/1.1/">
  <title>jobs</title>
  <id>https://192.168.1.62:8089/services/search/jobs</id>
  <updated>2021-02-05T16:02:47+05:30</updated>
  <generator build="08187535c166" version="8.1.1"/>
  <author>
    <name>Splunk</name>
  </author>
  <opensearch:totalResults>2</opensearch:totalResults>
  <opensearch:itemsPerPage>0</opensearch:itemsPerPage>
  <opensearch:startIndex>0</opensearch:startIndex>
  <entry>
    <title>| archivebuckets</title>
    <id>https://192.168.1.62:8089/services/search/jobs/scheduler__nobody_c3BsdW5rX2FyY2hpdmVy__RMD5473cbac83d6c9db7_at_1612518420_24</id>
    <updated>2021-02-05T15:17:01.502+05:30</updated>
    <link href="/services/search/jobs/scheduler__nobody_c3BsdW5rX2FyY2hpdmVy__RMD5473cbac83d6c9db7_at_1612518420_24" rel="alternate"/>
    <published>2021-02-05T15:17:00.000+05:30</published>
    <link href="/services/search/jobs/scheduler__nobody_c3BsdW5rX2FyY2hpdmVy__RMD5473cbac83d6c9db7_at_1612518420_24/search.log" rel="search.log"/>
    <link href="/services/search/jobs/scheduler__nobody_c3BsdW5rX2FyY2hpdmVy__RMD5473cbac83d6c9db7_at_1612518420_24/search_telemetry.json" rel="search_telemetry.json"/>
    <link href="/services/search/jobs/scheduler__nobody_c3BsdW5rX2FyY2hpdmVy__RMD5473cbac83d6c9db7_at_1612518420_24/events" rel="events"/>
    <link href="/services/search/jobs/scheduler__nobody_c3BsdW5rX2FyY2hpdmVy__RMD5473cbac83d6c9db7_at_1612518420_24/results" rel="results"/>
    <link href="/services/search/jobs/scheduler__nobody_c3BsdW5rX2FyY2hpdmVy__RMD5473cbac83d6c9db7_at_1612518420_24/results_preview" rel="results_preview"/>
    <link href="/services/search/jobs/scheduler__nobody_c3BsdW5rX2FyY2hpdmVy__RMD5473cbac83d6c9db7_at_1612518420_24/timeline" rel="timeline"/>
    <link href="/services/search/jobs/scheduler__nobody_c3BsdW5rX2FyY2hpdmVy__RMD5473cbac83d6c9db7_at_1612518420_24/summary" rel="summary"/>
    <link href="/services/search/jobs/scheduler__nobody_c3BsdW5rX2FyY2hpdmVy__RMD5473cbac83d6c9db7_at_1612518420_24/control" rel="control"/>
    <author>
      <name>splunk-system-user</name>
    </author>
    <content type="text/xml">
      <s:dict>
        <s:key name="canSummarize">0</s:key>
        <s:key name="cursorTime">1970-01-01T05:30:00.000+05:30</s:key>
        <s:key name="defaultSaveTTL">604800</s:key>
        <s:key name="defaultTTL">600</s:key>
        <s:key name="delegate">scheduler</s:key>
        <s:key name="diskUsage">53248</s:key>
        <s:key name="dispatchState">DONE</s:key>
        <s:key name="doneProgress">1.00000</s:key>
        <s:key name="dropCount">0</s:key>
        <s:key name="earliestTime">1970-01-01T05:30:00.000+05:30</s:key>
        <s:key name="eventAvailableCount">0</s:key>
        <s:key name="eventCount">0</s:key>
        <s:key name="eventFieldCount">0</s:key>
        <s:key name="eventIsStreaming">1</s:key>
        <s:key name="eventIsTruncated">0</s:key>
        <s:key name="eventSearch">archivebuckets </s:key>
        <s:key name="eventSorting">none</s:key>
        <s:key name="isBatchModeSearch">0</s:key>
        <s:key name="isDone">1</s:key>
        <s:key name="isEventsPreviewEnabled">0</s:key>
        <s:key name="isFailed">0</s:key>
        <s:key name="isFinalized">0</s:key>
        <s:key name="isPaused">0</s:key>
        <s:key name="isPreviewEnabled">0</s:key>
        <s:key name="isRealTimeSearch">0</s:key>
        <s:key name="isRemoteTimeline">0</s:key>
        <s:key name="isSaved">0</s:key>
        <s:key name="isSavedSearch">1</s:key>
        <s:key name="isTimeCursored">0</s:key>
        <s:key name="isZombie">0</s:key>
        <s:key name="keywords"></s:key>
        <s:key name="label">Bucket Copy Trigger</s:key>
        <s:key name="latestTime">2021-02-05T15:17:00.000+05:30</s:key>
        <s:key name="normalizedSearch"></s:key>
        <s:key name="numPreviews">0</s:key>
        <s:key name="optimizedSearch">| archivebuckets</s:key>
        <s:key name="phase0"></s:key>
        <s:key name="phase1">archivebuckets  | timeliner  remote=0 partial_commits=0 max_events_per_bucket=500000 fieldstats_update_maxperiod=60 bucket=0</s:key>
        <s:key name="pid">121866</s:key>
        <s:key name="priority">5</s:key>
        <s:key name="provenance">scheduler</s:key>
        <s:key name="remoteSearch"></s:key>
        <s:key name="reportSearch"></s:key>
        <s:key name="resultCount">0</s:key>
        <s:key name="resultIsStreaming">1</s:key>
        <s:key name="resultPreviewCount">0</s:key>
        <s:key name="runDuration">0.626</s:key>
        <s:key name="sampleRatio">1</s:key>
        <s:key name="sampleSeed">0</s:key>
        <s:key name="savedSearchLabel">{"owner":"nobody","app":"splunk_archiver","sharing":"app"}</s:key>
        <s:key name="scanCount">0</s:key>
        <s:key name="search">| archivebuckets</s:key>
        <s:key name="searchCanBeEventType">0</s:key>
        <s:key name="searchLatestTime">1612518420.000000000</s:key>
        <s:key name="searchTotalBucketsCount">0</s:key>
        <s:key name="searchTotalEliminatedBucketsCount">0</s:key>
        <s:key name="sid">scheduler__nobody_c3BsdW5rX2FyY2hpdmVy__RMD5473cbac83d6c9db7_at_1612518420_24</s:key>
        <s:key name="statusBuckets">0</s:key>
        <s:key name="ttl">4454</s:key>
        <s:key name="workload_action_information"></s:key>
        <s:key name="workload_pool"></s:key>
        <s:key name="performance">
          <s:dict>
            <s:key name="command.archivebuckets">
              <s:dict>
                <s:key name="duration_secs">0.605</s:key>
                <s:key name="invocations">1</s:key>
                <s:key name="input_count">0</s:key>
                <s:key name="output_count">0</s:key>
              </s:dict>
            </s:key>
            <s:key name="command.timeliner">
              <s:dict>
                <s:key name="invocations">1</s:key>
                <s:key name="input_count">0</s:key>
                <s:key name="output_count">0</s:key>
              </s:dict>
            </s:key>
            <s:key name="dispatch.createdSearchResultInfrastructure">
              <s:dict>
                <s:key name="duration_secs">0.001</s:key>
                <s:key name="invocations">1</s:key>
              </s:dict>
            </s:key>
            <s:key name="dispatch.evaluate.archivebuckets">
              <s:dict>
                <s:key name="invocations">2</s:key>
              </s:dict>
            </s:key>
            <s:key name="dispatch.finalWriteToDisk">
              <s:dict>
                <s:key name="invocations">1</s:key>
              </s:dict>
            </s:key>
            <s:key name="dispatch.readEventsInResults">
              <s:dict>
                <s:key name="invocations">1</s:key>
              </s:dict>
            </s:key>
            <s:key name="dispatch.timeline">
              <s:dict>
                <s:key name="invocations">1</s:key>
              </s:dict>
            </s:key>
            <s:key name="dispatch.writeStatus">
              <s:dict>
                <s:key name="invocations">3</s:key>
              </s:dict>
            </s:key>
            <s:key name="startup.configuration">
              <s:dict>
                <s:key name="duration_secs">0.013</s:key>
                <s:key name="invocations">2</s:key>
              </s:dict>
            </s:key>
            <s:key name="startup.handoff">
              <s:dict>
                <s:key name="duration_secs">0.058</s:key>
                <s:key name="invocations">2</s:key>
              </s:dict>
            </s:key>
          </s:dict>
        </s:key>
        <s:key name="messages">
          <s:dict/>
        </s:key>
        <s:key name="request">
          <s:dict>
            <s:key name="auto_cancel">0</s:key>
            <s:key name="auto_pause">0</s:key>
            <s:key name="buckets">0</s:key>
            <s:key name="earliest_time"></s:key>
            <s:key name="index_earliest"></s:key>
            <s:key name="index_latest"></s:key>
            <s:key name="indexedRealtime"></s:key>
            <s:key name="indexedRealtimeMinSpan"></s:key>
            <s:key name="indexedRealtimeOffset"></s:key>
            <s:key name="latest_time">now</s:key>
            <s:key name="lookups">1</s:key>
            <s:key name="max_count">500000</s:key>
            <s:key name="max_time">0</s:key>
            <s:key name="reduce_freq">10</s:key>
            <s:key name="rt_backfill">0</s:key>
            <s:key name="rt_maximum_span"></s:key>
            <s:key name="sample_ratio">1</s:key>
            <s:key name="spawn_process">1</s:key>
            <s:key name="time_format">%FT%T.%Q%:z</s:key>
            <s:key name="ui_dispatch_app"></s:key>
            <s:key name="ui_dispatch_view"></s:key>
          </s:dict>
        </s:key>
        <s:key name="eai:acl">
          <s:dict>
            <s:key name="perms">
              <s:dict>
                <s:key name="read">
                  <s:list>
                    <s:item>*</s:item>
                    <s:item>splunk-system-user</s:item>
                  </s:list>
                </s:key>
                <s:key name="write">
                  <s:list>
                    <s:item>*</s:item>
                    <s:item>splunk-system-user</s:item>
                  </s:list>
                </s:key>
              </s:dict>
            </s:key>
            <s:key name="owner">splunk-system-user</s:key>
            <s:key name="modifiable">1</s:key>
            <s:key name="sharing">global</s:key>
            <s:key name="app">splunk_archiver</s:key>
            <s:key name="can_write">1</s:key>
            <s:key name="ttl">7200</s:key>
          </s:dict>
        </s:key>
        <s:key name="searchProviders">
          <s:list/>
        </s:key>
      </s:dict>
    </content>
  </entry>
  <entry>
    <title>| archivebuckets</title>
    <id>https://192.168.1.62:8089/services/search/jobs/scheduler__nobody_c3BsdW5rX2FyY2hpdmVy__RMD5473cbac83d6c9db7_at_1612514820_23</id>
    <updated>2021-02-05T14:17:01.701+05:30</updated>
    <link href="/services/search/jobs/scheduler__nobody_c3BsdW5rX2FyY2hpdmVy__RMD5473cbac83d6c9db7_at_1612514820_23" rel="alternate"/>
    <published>2021-02-05T14:17:01.000+05:30</published>
    <link href="/services/search/jobs/scheduler__nobody_c3BsdW5rX2FyY2hpdmVy__RMD5473cbac83d6c9db7_at_1612514820_23/search.log" rel="search.log"/>
    <link href="/services/search/jobs/scheduler__nobody_c3BsdW5rX2FyY2hpdmVy__RMD5473cbac83d6c9db7_at_1612514820_23/search_telemetry.json" rel="search_telemetry.json"/>
    <link href="/services/search/jobs/scheduler__nobody_c3BsdW5rX2FyY2hpdmVy__RMD5473cbac83d6c9db7_at_1612514820_23/events" rel="events"/>
    <link href="/services/search/jobs/scheduler__nobody_c3BsdW5rX2FyY2hpdmVy__RMD5473cbac83d6c9db7_at_1612514820_23/results" rel="results"/>
    <link href="/services/search/jobs/scheduler__nobody_c3BsdW5rX2FyY2hpdmVy__RMD5473cbac83d6c9db7_at_1612514820_23/results_preview" rel="results_preview"/>
    <link href="/services/search/jobs/scheduler__nobody_c3BsdW5rX2FyY2hpdmVy__RMD5473cbac83d6c9db7_at_1612514820_23/timeline" rel="timeline"/>
    <link href="/services/search/jobs/scheduler__nobody_c3BsdW5rX2FyY2hpdmVy__RMD5473cbac83d6c9db7_at_1612514820_23/summary" rel="summary"/>
    <link href="/services/search/jobs/scheduler__nobody_c3BsdW5rX2FyY2hpdmVy__RMD5473cbac83d6c9db7_at_1612514820_23/control" rel="control"/>
    <author>
      <name>splunk-system-user</name>
    </author>
    <content type="text/xml">
      <s:dict>
        <s:key name="canSummarize">0</s:key>
        <s:key name="cursorTime">1970-01-01T05:30:00.000+05:30</s:key>
        <s:key name="defaultSaveTTL">604800</s:key>
        <s:key name="defaultTTL">600</s:key>
        <s:key name="delegate">scheduler</s:key>
        <s:key name="diskUsage">53248</s:key>
        <s:key name="dispatchState">DONE</s:key>
        <s:key name="doneProgress">1.00000</s:key>
        <s:key name="dropCount">0</s:key>
        <s:key name="earliestTime">1970-01-01T05:30:00.000+05:30</s:key>
        <s:key name="eventAvailableCount">0</s:key>
        <s:key name="eventCount">0</s:key>
        <s:key name="eventFieldCount">0</s:key>
        <s:key name="eventIsStreaming">1</s:key>
        <s:key name="eventIsTruncated">0</s:key>
        <s:key name="eventSearch">archivebuckets </s:key>
        <s:key name="eventSorting">none</s:key>
        <s:key name="isBatchModeSearch">0</s:key>
        <s:key name="isDone">1</s:key>
        <s:key name="isEventsPreviewEnabled">0</s:key>
        <s:key name="isFailed">0</s:key>
        <s:key name="isFinalized">0</s:key>
        <s:key name="isPaused">0</s:key>
        <s:key name="isPreviewEnabled">0</s:key>
        <s:key name="isRealTimeSearch">0</s:key>
        <s:key name="isRemoteTimeline">0</s:key>
        <s:key name="isSaved">0</s:key>
        <s:key name="isSavedSearch">1</s:key>
        <s:key name="isTimeCursored">0</s:key>
        <s:key name="isZombie">0</s:key>
        <s:key name="keywords"></s:key>
        <s:key name="label">Bucket Copy Trigger</s:key>
        <s:key name="latestTime">2021-02-05T14:17:00.000+05:30</s:key>
        <s:key name="normalizedSearch"></s:key>
        <s:key name="numPreviews">0</s:key>
        <s:key name="optimizedSearch">| archivebuckets</s:key>
        <s:key name="phase0"></s:key>
        <s:key name="phase1">archivebuckets  | timeliner  remote=0 partial_commits=0 max_events_per_bucket=500000 fieldstats_update_maxperiod=60 bucket=0</s:key>
        <s:key name="pid">118600</s:key>
        <s:key name="priority">5</s:key>
        <s:key name="provenance">scheduler</s:key>
        <s:key name="remoteSearch"></s:key>
        <s:key name="reportSearch"></s:key>
        <s:key name="resultCount">0</s:key>
        <s:key name="resultIsStreaming">1</s:key>
        <s:key name="resultPreviewCount">0</s:key>
        <s:key name="runDuration">0.664</s:key>
        <s:key name="sampleRatio">1</s:key>
        <s:key name="sampleSeed">0</s:key>
        <s:key name="savedSearchLabel">{"owner":"nobody","app":"splunk_archiver","sharing":"app"}</s:key>
        <s:key name="scanCount">0</s:key>
        <s:key name="search">| archivebuckets</s:key>
        <s:key name="searchCanBeEventType">0</s:key>
        <s:key name="searchLatestTime">1612514820.000000000</s:key>
        <s:key name="searchTotalBucketsCount">0</s:key>
        <s:key name="searchTotalEliminatedBucketsCount">0</s:key>
        <s:key name="sid">scheduler__nobody_c3BsdW5rX2FyY2hpdmVy__RMD5473cbac83d6c9db7_at_1612514820_23</s:key>
        <s:key name="statusBuckets">0</s:key>
        <s:key name="ttl">854</s:key>
        <s:key name="workload_action_information"></s:key>
        <s:key name="workload_pool"></s:key>
        <s:key name="performance">
          <s:dict>
            <s:key name="command.archivebuckets">
              <s:dict>
                <s:key name="duration_secs">0.642</s:key>
                <s:key name="invocations">1</s:key>
                <s:key name="input_count">0</s:key>
                <s:key name="output_count">0</s:key>
              </s:dict>
            </s:key>
            <s:key name="command.timeliner">
              <s:dict>
                <s:key name="invocations">1</s:key>
                <s:key name="input_count">0</s:key>
                <s:key name="output_count">0</s:key>
              </s:dict>
            </s:key>
            <s:key name="dispatch.createdSearchResultInfrastructure">
              <s:dict>
                <s:key name="duration_secs">0.001</s:key>
                <s:key name="invocations">1</s:key>
              </s:dict>
            </s:key>
            <s:key name="dispatch.evaluate.archivebuckets">
              <s:dict>
                <s:key name="invocations">2</s:key>
              </s:dict>
            </s:key>
            <s:key name="dispatch.finalWriteToDisk">
              <s:dict>
                <s:key name="invocations">1</s:key>
              </s:dict>
            </s:key>
            <s:key name="dispatch.readEventsInResults">
              <s:dict>
                <s:key name="invocations">1</s:key>
              </s:dict>
            </s:key>
            <s:key name="dispatch.timeline">
              <s:dict>
                <s:key name="invocations">1</s:key>
              </s:dict>
            </s:key>
            <s:key name="dispatch.writeStatus">
              <s:dict>
                <s:key name="invocations">3</s:key>
              </s:dict>
            </s:key>
            <s:key name="startup.configuration">
              <s:dict>
                <s:key name="duration_secs">0.012</s:key>
                <s:key name="invocations">2</s:key>
              </s:dict>
            </s:key>
            <s:key name="startup.handoff">
              <s:dict>
                <s:key name="duration_secs">0.056</s:key>
                <s:key name="invocations">2</s:key>
              </s:dict>
            </s:key>
          </s:dict>
        </s:key>
        <s:key name="messages">
          <s:dict/>
        </s:key>
        <s:key name="request">
          <s:dict>
            <s:key name="auto_cancel">0</s:key>
            <s:key name="auto_pause">0</s:key>
            <s:key name="buckets">0</s:key>
            <s:key name="earliest_time"></s:key>
            <s:key name="index_earliest"></s:key>
            <s:key name="index_latest"></s:key>
            <s:key name="indexedRealtime"></s:key>
            <s:key name="indexedRealtimeMinSpan"></s:key>
            <s:key name="indexedRealtimeOffset"></s:key>
            <s:key name="latest_time">now</s:key>
            <s:key name="lookups">1</s:key>
            <s:key name="max_count">500000</s:key>
            <s:key name="max_time">0</s:key>
            <s:key name="reduce_freq">10</s:key>
            <s:key name="rt_backfill">0</s:key>
            <s:key name="rt_maximum_span"></s:key>
            <s:key name="sample_ratio">1</s:key>
            <s:key name="spawn_process">1</s:key>
            <s:key name="time_format">%FT%T.%Q%:z</s:key>
            <s:key name="ui_dispatch_app"></s:key>
            <s:key name="ui_dispatch_view"></s:key>
          </s:dict>
        </s:key>
        <s:key name="eai:acl">
          <s:dict>
            <s:key name="perms">
              <s:dict>
                <s:key name="read">
                  <s:list>
                    <s:item>*</s:item>
                    <s:item>splunk-system-user</s:item>
                  </s:list>
                </s:key>
                <s:key name="write">
                  <s:list>
                    <s:item>*</s:item>
                    <s:item>splunk-system-user</s:item>
                  </s:list>
                </s:key>
              </s:dict>
            </s:key>
            <s:key name="owner">splunk-system-user</s:key>
            <s:key name="modifiable">1</s:key>
            <s:key name="sharing">global</s:key>
            <s:key name="app">splunk_archiver</s:key>
            <s:key name="can_write">1</s:key>
            <s:key name="ttl">7200</s:key>
          </s:dict>
        </s:key>
        <s:key name="searchProviders">
          <s:list/>
        </s:key>
      </s:dict>
    </content>
  </entry>
</feed>


16:02:46.273 [print] xml
16:02:46.320 [print] jobs
16:02:46.335 after scenario inside config 
16:02:46.335 From karate-config file 
16:02:46.351 request:
1 > GET http://192.168.1.62:8082/topics
1 > Accept-Encoding: gzip,deflate
1 > Connection: Keep-Alive
1 > Host: 192.168.1.62:8082
1 > User-Agent: Apache-HttpClient/4.5.12 (Java/1.8.0_251)

16:02:46.351 response time in milliseconds: 8.82
1 < 200
1 < Content-Type: application/vnd.kafka.v2+json
1 < Date: Fri, 05 Feb 2021 10:32:47 GMT
1 < Vary: Accept-Encoding, User-Agent
["harris_topic3","pravalika_topic","shubh","topic3","vijay_topic","shalini","dhana_topic","manohar","veera_topic","_confluent_balancer_partition_samples","satyendra_topic","snehasish_topic","sasi","hemanth_topic","_confluent_balancer_api_state","Madhu-topic","_confluent-license","deekshit","_confluent_balancer_broker_samples","syed_topic","_confluent-telemetry-metrics"]

16:02:46.351 [print] [
  "harris_topic3",
  "pravalika_topic",
  "shubh",
  "topic3",
  "vijay_topic",
  "shalini",
  "dhana_topic",
  "manohar",
  "veera_topic",
  "_confluent_balancer_partition_samples",
  "satyendra_topic",
  "snehasish_topic",
  "sasi",
  "hemanth_topic",
  "_confluent_balancer_api_state",
  "Madhu-topic",
  "_confluent-license",
  "deekshit",
  "_confluent_balancer_broker_samples",
  "syed_topic",
  "_confluent-telemetry-metrics"
]

16:02:46.366 assertion failed: path: $[1], actual: 'pravalika_topic', expected: 'confluent', reason: not a sub-string
16:02:46.366 after scenario inside config 
16:02:46.366 From karate-config file 
16:02:46.366 request:
1 > POST http://192.168.1.62:8082/topics/syed_topic
1 > Accept: application/vnd.kafka.v2+json
1 > Accept-Encoding: gzip,deflate
1 > Connection: Keep-Alive
1 > Content-Length: 93
1 > Content-Type: application/vnd.kafka.json.v2+json; charset=UTF-8
1 > Host: 192.168.1.62:8082
1 > User-Agent: Apache-HttpClient/4.5.12 (Java/1.8.0_251)
{"records":[{"key":"key3","value":"karate4"},{"value":"val3","partition":0},{"value":123.3}]}

16:02:46.382 response time in milliseconds: 5.05
1 < 200
1 < Content-Type: application/vnd.kafka.v2+json
1 < Date: Fri, 05 Feb 2021 10:32:47 GMT
1 < Vary: Accept-Encoding, User-Agent
{"offsets":[{"partition":0,"offset":24,"error_code":null,"error":null},{"partition":0,"offset":25,"error_code":null,"error":null},{"partition":0,"offset":26,"error_code":null,"error":null}],"key_schema_id":null,"value_schema_id":null}

16:02:46.382 [print] {
  "offsets": [
    {
      "partition": 0,
      "offset": 24,
      "error_code": null,
      "error": null
    },
    {
      "partition": 0,
      "offset": 25,
      "error_code": null,
      "error": null
    },
    {
      "partition": 0,
      "offset": 26,
      "error_code": null,
      "error": null
    }
  ],
  "value_schema_id": null,
  "key_schema_id": null
}

16:02:46.382 after scenario inside config 
16:02:46.398 From karate-config file 
16:02:46.413 request:
1 > POST http://192.168.1.62:8082/consumers/my-consumer-group
1 > Accept-Encoding: gzip,deflate
1 > Connection: Keep-Alive
1 > Content-Length: 100
1 > Content-Type: application/vnd.kafka.json.v2+json; charset=UTF-8
1 > Host: 192.168.1.62:8082
1 > User-Agent: Apache-HttpClient/4.5.12 (Java/1.8.0_251)
{"name":"syed_consumer","format":"json","auto.offset.reset":"earliest","auto.commit.enable":"false"}

16:02:46.429 response time in milliseconds: 15.24
1 < 200
1 < Content-Type: application/vnd.kafka.v2+json
1 < Date: Fri, 05 Feb 2021 10:32:47 GMT
1 < Vary: Accept-Encoding, User-Agent
{"instance_id":"syed_consumer","base_uri":"http://192.168.1.62:8082/consumers/my-consumer-group/instances/syed_consumer"}

16:02:46.429 [print] {
  "instance_id": "syed_consumer",
  "base_uri": "http://192.168.1.62:8082/consumers/my-consumer-group/instances/syed_consumer"
}

16:02:46.429 [print] http://192.168.1.62:8082/consumers/my-consumer-group/instances/syed_consumer
16:02:46.429 after scenario inside config 
16:02:46.445 From karate-config file 
16:02:46.445 request:
1 > GET http://192.168.1.62:8082/consumers/my-consumer-group/instances/syed_consumer/records?timeout=3000&max_bytes=300000
1 > Accept: application/vnd.kafka.json.v2+json
1 > Accept-Encoding: gzip,deflate
1 > Connection: Keep-Alive
1 > Host: 192.168.1.62:8082
1 > User-Agent: Apache-HttpClient/4.5.12 (Java/1.8.0_251)

16:02:46.460 response time in milliseconds: 7.83
1 < 500
1 < Content-Length: 52
1 < Content-Type: application/vnd.kafka.json.v2+json
1 < Date: Fri, 05 Feb 2021 10:32:47 GMT
{"error_code":500,"message":"Internal Server Error"}

16:02:46.460 status code was: 500, expected: 200, response time: 8, url: http://192.168.1.62:8082/consumers/my-consumer-group/instances/syed_consumer/records?timeout=3000&max_bytes=300000, response: {"error_code":500,"message":"Internal Server Error"}
16:02:46.460 after scenario inside config 
16:02:46.460 From karate-config file 
16:02:46.460 request:
1 > DELETE http://192.168.1.62:8082/consumers/my-consumer-group/instances/syed_consumer/subscription
1 > Accept: application/vnd.kafka.v2+json
1 > Accept-Encoding: gzip,deflate
1 > Connection: Keep-Alive
1 > Host: 192.168.1.62:8082
1 > User-Agent: Apache-HttpClient/4.5.12 (Java/1.8.0_251)

16:02:46.460 response time in milliseconds: 4.60
1 < 204
1 < Date: Fri, 05 Feb 2021 10:32:47 GMT

16:02:46.460 after scenario inside config 
16:02:46.476 From karate-config file 
16:02:46.476 request:
1 > DELETE http://192.168.1.62:8082/consumers/my-consumer-group/instances/syed_consumer
1 > Accept: application/vnd.kafka.v2+json
1 > Accept-Encoding: gzip,deflate
1 > Connection: Keep-Alive
1 > Host: 192.168.1.62:8082
1 > User-Agent: Apache-HttpClient/4.5.12 (Java/1.8.0_251)

16:02:46.476 response time in milliseconds: 2.91
1 < 404
1 < Content-Length: 61
1 < Content-Type: application/vnd.kafka.v2+json
1 < Date: Fri, 05 Feb 2021 10:32:47 GMT
{"error_code":40403,"message":"Consumer instance not found."}

16:02:46.476 after scenario inside config 
16:02:46.476 From karate-config file 
16:02:46.476 http request failed: request body is required for a POST, please use the 'request' keyword
16:02:46.476 after scenario inside config 
16:02:46.507 From karate-config file 
16:02:46.507 [print] From background block
16:02:46.507 [print] from scenario block
16:02:46.507 after scenario inside config 
